2025-03-21T11:57:22.231+09:00  INFO 9728 --- [ch08] [restartedMain] kr.co.ch08.Ch08Application               : Starting Ch08Application using Java 17.0.12 with PID 9728 (C:\Users\lotte6\Desktop\workspace\Spring\ch08\build\classes\java\main started by lotte6 in C:\Users\lotte6\Desktop\workspace\Spring\ch08)
2025-03-21T11:57:22.235+09:00  INFO 9728 --- [ch08] [restartedMain] kr.co.ch08.Ch08Application               : No active profile set, falling back to 1 default profile: "default"
2025-03-21T11:57:22.273+09:00  INFO 9728 --- [ch08] [restartedMain] .e.DevToolsPropertyDefaultsPostProcessor : Devtools property defaults active! Set 'spring.devtools.add-properties' to 'false' to disable
2025-03-21T11:57:22.274+09:00  INFO 9728 --- [ch08] [restartedMain] .e.DevToolsPropertyDefaultsPostProcessor : For additional web related logging consider setting the 'logging.level.web' property to 'DEBUG'
2025-03-21T11:57:22.843+09:00  INFO 9728 --- [ch08] [restartedMain] .s.d.r.c.RepositoryConfigurationDelegate : Bootstrapping Spring Data JPA repositories in DEFAULT mode.
2025-03-21T11:57:22.889+09:00  INFO 9728 --- [ch08] [restartedMain] .s.d.r.c.RepositoryConfigurationDelegate : Finished Spring Data repository scanning in 36 ms. Found 1 JPA repository interface.
2025-03-21T11:57:23.380+09:00  INFO 9728 --- [ch08] [restartedMain] o.s.b.w.embedded.tomcat.TomcatWebServer  : Tomcat initialized with port 8080 (http)
2025-03-21T11:57:23.390+09:00  INFO 9728 --- [ch08] [restartedMain] o.apache.catalina.core.StandardService   : Starting service [Tomcat]
2025-03-21T11:57:23.390+09:00  INFO 9728 --- [ch08] [restartedMain] o.apache.catalina.core.StandardEngine    : Starting Servlet engine: [Apache Tomcat/10.1.36]
2025-03-21T11:57:23.429+09:00  INFO 9728 --- [ch08] [restartedMain] o.a.c.c.C.[Tomcat].[localhost].[/ch08]   : Initializing Spring embedded WebApplicationContext
2025-03-21T11:57:23.429+09:00  INFO 9728 --- [ch08] [restartedMain] w.s.c.ServletWebServerApplicationContext : Root WebApplicationContext: initialization completed in 1155 ms
2025-03-21T11:57:23.569+09:00  INFO 9728 --- [ch08] [restartedMain] o.hibernate.jpa.internal.util.LogHelper  : HHH000204: Processing PersistenceUnitInfo [name: default]
2025-03-21T11:57:23.611+09:00  INFO 9728 --- [ch08] [restartedMain] org.hibernate.Version                    : HHH000412: Hibernate ORM core version 6.6.8.Final
2025-03-21T11:57:23.644+09:00  INFO 9728 --- [ch08] [restartedMain] o.h.c.internal.RegionFactoryInitiator    : HHH000026: Second-level cache disabled
2025-03-21T11:57:23.888+09:00  INFO 9728 --- [ch08] [restartedMain] o.s.o.j.p.SpringPersistenceUnitInfo      : No LoadTimeWeaver setup: ignoring JPA class transformer
2025-03-21T11:57:23.912+09:00  INFO 9728 --- [ch08] [restartedMain] com.zaxxer.hikari.HikariDataSource       : HikariPool-1 - Starting...
2025-03-21T11:57:24.136+09:00  INFO 9728 --- [ch08] [restartedMain] com.zaxxer.hikari.pool.HikariPool        : HikariPool-1 - Added connection com.mysql.cj.jdbc.ConnectionImpl@89756ce
2025-03-21T11:57:24.137+09:00  INFO 9728 --- [ch08] [restartedMain] com.zaxxer.hikari.HikariDataSource       : HikariPool-1 - Start completed.
2025-03-21T11:57:24.179+09:00  WARN 9728 --- [ch08] [restartedMain] org.hibernate.orm.deprecation            : HHH90000025: MySQLDialect does not need to be specified explicitly using 'hibernate.dialect' (remove the property setting and it will be selected by default)
2025-03-21T11:57:24.194+09:00  INFO 9728 --- [ch08] [restartedMain] org.hibernate.orm.connections.pooling    : HHH10001005: Database info:
	Database JDBC URL [Connecting through datasource 'HikariDataSource (HikariPool-1)']
	Database driver: undefined/unknown
	Database version: 8.4.3
	Autocommit mode: undefined/unknown
	Isolation level: undefined/unknown
	Minimum pool size: undefined/unknown
	Maximum pool size: undefined/unknown
2025-03-21T11:57:24.859+09:00  INFO 9728 --- [ch08] [restartedMain] o.h.e.t.j.p.i.JtaPlatformInitiator       : HHH000489: No JTA platform available (set 'hibernate.transaction.jta.platform' to enable JTA platform integration)
2025-03-21T11:57:24.900+09:00  INFO 9728 --- [ch08] [restartedMain] j.LocalContainerEntityManagerFactoryBean : Initialized JPA EntityManagerFactory for persistence unit 'default'
2025-03-21T11:57:25.140+09:00  WARN 9728 --- [ch08] [restartedMain] JpaBaseConfiguration$JpaWebConfiguration : spring.jpa.open-in-view is enabled by default. Therefore, database queries may be performed during view rendering. Explicitly configure spring.jpa.open-in-view to disable this warning
2025-03-21T11:57:25.171+09:00  INFO 9728 --- [ch08] [restartedMain] r$InitializeUserDetailsManagerConfigurer : Global AuthenticationManager configured with UserDetailsService bean with name myUserDetailsService
2025-03-21T11:57:25.239+09:00  INFO 9728 --- [ch08] [restartedMain] o.s.b.a.w.s.WelcomePageHandlerMapping    : Adding welcome page template: index
2025-03-21T11:57:25.683+09:00  INFO 9728 --- [ch08] [restartedMain] o.s.b.d.a.OptionalLiveReloadServer       : LiveReload server is running on port 35729
2025-03-21T11:57:25.711+09:00  INFO 9728 --- [ch08] [restartedMain] o.s.b.w.embedded.tomcat.TomcatWebServer  : Tomcat started on port 8080 (http) with context path '/ch08'
2025-03-21T11:57:25.718+09:00  INFO 9728 --- [ch08] [restartedMain] kr.co.ch08.Ch08Application               : Started Ch08Application in 3.879 seconds (process running for 4.486)
2025-03-21T11:57:41.697+09:00  INFO 9728 --- [ch08] [http-nio-8080-exec-2] o.a.c.c.C.[Tomcat].[localhost].[/ch08]   : Initializing Spring DispatcherServlet 'dispatcherServlet'
2025-03-21T11:57:41.697+09:00  INFO 9728 --- [ch08] [http-nio-8080-exec-2] o.s.web.servlet.DispatcherServlet        : Initializing Servlet 'dispatcherServlet'
2025-03-21T11:57:41.698+09:00  INFO 9728 --- [ch08] [http-nio-8080-exec-2] o.s.web.servlet.DispatcherServlet        : Completed initialization in 1 ms
2025-03-21T11:57:55.574+09:00  INFO 9728 --- [ch08] [http-nio-8080-exec-7] kr.co.ch08.controller.UserController     : userDTO : UserDTO(uid=a101, pass=1234, name=홍길동, birth=2025-03-13, role=ADMIN) 
2025-03-21T11:57:55.680+09:00 TRACE 9728 --- [ch08] [http-nio-8080-exec-7] org.hibernate.orm.jdbc.bind              : binding parameter (1:VARCHAR) <- [a101]
2025-03-21T11:57:55.725+09:00 TRACE 9728 --- [ch08] [http-nio-8080-exec-7] org.hibernate.orm.jdbc.bind              : binding parameter (1:VARCHAR) <- [2025-03-13]
2025-03-21T11:57:55.725+09:00 TRACE 9728 --- [ch08] [http-nio-8080-exec-7] org.hibernate.orm.jdbc.bind              : binding parameter (2:VARCHAR) <- [홍길동]
2025-03-21T11:57:55.725+09:00 TRACE 9728 --- [ch08] [http-nio-8080-exec-7] org.hibernate.orm.jdbc.bind              : binding parameter (3:VARCHAR) <- [$2a$10$7gWMVqpbuZ36AApB/qEKQOHGkQz2ANO6D9nqKF8FZDtT7nuP5Hrea]
2025-03-21T11:57:55.726+09:00 TRACE 9728 --- [ch08] [http-nio-8080-exec-7] org.hibernate.orm.jdbc.bind              : binding parameter (4:VARCHAR) <- [ADMIN]
2025-03-21T11:57:55.726+09:00 TRACE 9728 --- [ch08] [http-nio-8080-exec-7] org.hibernate.orm.jdbc.bind              : binding parameter (5:VARCHAR) <- [a101]
2025-03-21T11:58:04.476+09:00  INFO 9728 --- [ch08] [SpringApplicationShutdownHook] o.s.b.w.e.tomcat.GracefulShutdown        : Commencing graceful shutdown. Waiting for active requests to complete
2025-03-21T11:58:04.542+09:00  INFO 9728 --- [ch08] [tomcat-shutdown] o.s.b.w.e.tomcat.GracefulShutdown        : Graceful shutdown complete
2025-03-21T11:58:04.546+09:00  INFO 9728 --- [ch08] [SpringApplicationShutdownHook] j.LocalContainerEntityManagerFactoryBean : Closing JPA EntityManagerFactory for persistence unit 'default'
2025-03-21T11:58:04.549+09:00  INFO 9728 --- [ch08] [SpringApplicationShutdownHook] com.zaxxer.hikari.HikariDataSource       : HikariPool-1 - Shutdown initiated...
2025-03-21T11:58:04.554+09:00  INFO 9728 --- [ch08] [SpringApplicationShutdownHook] com.zaxxer.hikari.HikariDataSource       : HikariPool-1 - Shutdown completed.
